  ShapeMeshes.cpp
C:\CS330Content\3DShapes\ShapeMeshes.cpp(410,59): warning C4305: 'initializing': truncation from 'double' to 'GLfloat'
C:\CS330Content\3DShapes\ShapeMeshes.cpp(412,59): warning C4305: 'initializing': truncation from 'double' to 'GLfloat'
C:\CS330Content\3DShapes\ShapeMeshes.cpp(413,59): warning C4305: 'initializing': truncation from 'double' to 'GLfloat'
C:\CS330Content\3DShapes\ShapeMeshes.cpp(414,59): warning C4305: 'initializing': truncation from 'double' to 'GLfloat'
C:\CS330Content\3DShapes\ShapeMeshes.cpp(415,60): warning C4305: 'initializing': truncation from 'double' to 'GLfloat'
C:\CS330Content\3DShapes\ShapeMeshes.cpp(416,60): warning C4305: 'initializing': truncation from 'double' to 'GLfloat'
C:\CS330Content\3DShapes\ShapeMeshes.cpp(417,60): warning C4305: 'initializing': truncation from 'double' to 'GLfloat'
C:\CS330Content\3DShapes\ShapeMeshes.cpp(418,59): warning C4305: 'initializing': truncation from 'double' to 'GLfloat'
C:\CS330Content\3DShapes\ShapeMeshes.cpp(419,60): warning C4305: 'initializing': truncation from 'double' to 'GLfloat'
C:\CS330Content\3DShapes\ShapeMeshes.cpp(420,59): warning C4305: 'initializing': truncation from 'double' to 'GLfloat'
C:\CS330Content\3DShapes\ShapeMeshes.cpp(421,59): warning C4305: 'initializing': truncation from 'double' to 'GLfloat'
C:\CS330Content\3DShapes\ShapeMeshes.cpp(422,60): warning C4305: 'initializing': truncation from 'double' to 'GLfloat'
C:\CS330Content\3DShapes\ShapeMeshes.cpp(423,59): warning C4305: 'initializing': truncation from 'double' to 'GLfloat'
C:\CS330Content\3DShapes\ShapeMeshes.cpp(424,60): warning C4305: 'initializing': truncation from 'double' to 'GLfloat'
C:\CS330Content\3DShapes\ShapeMeshes.cpp(425,60): warning C4305: 'initializing': truncation from 'double' to 'GLfloat'
C:\CS330Content\3DShapes\ShapeMeshes.cpp(426,60): warning C4305: 'initializing': truncation from 'double' to 'GLfloat'
C:\CS330Content\3DShapes\ShapeMeshes.cpp(427,60): warning C4305: 'initializing': truncation from 'double' to 'GLfloat'
C:\CS330Content\3DShapes\ShapeMeshes.cpp(428,60): warning C4305: 'initializing': truncation from 'double' to 'GLfloat'
C:\CS330Content\3DShapes\ShapeMeshes.cpp(429,60): warning C4305: 'initializing': truncation from 'double' to 'GLfloat'
C:\CS330Content\3DShapes\ShapeMeshes.cpp(430,59): warning C4305: 'initializing': truncation from 'double' to 'GLfloat'
C:\CS330Content\3DShapes\ShapeMeshes.cpp(431,60): warning C4305: 'initializing': truncation from 'double' to 'GLfloat'
C:\CS330Content\3DShapes\ShapeMeshes.cpp(432,59): warning C4305: 'initializing': truncation from 'double' to 'GLfloat'
C:\CS330Content\3DShapes\ShapeMeshes.cpp(433,59): warning C4305: 'initializing': truncation from 'double' to 'GLfloat'
C:\CS330Content\3DShapes\ShapeMeshes.cpp(434,60): warning C4305: 'initializing': truncation from 'double' to 'GLfloat'
C:\CS330Content\3DShapes\ShapeMeshes.cpp(435,59): warning C4305: 'initializing': truncation from 'double' to 'GLfloat'
C:\CS330Content\3DShapes\ShapeMeshes.cpp(436,60): warning C4305: 'initializing': truncation from 'double' to 'GLfloat'
C:\CS330Content\3DShapes\ShapeMeshes.cpp(437,60): warning C4305: 'initializing': truncation from 'double' to 'GLfloat'
C:\CS330Content\3DShapes\ShapeMeshes.cpp(438,61): warning C4305: 'initializing': truncation from 'double' to 'GLfloat'
C:\CS330Content\3DShapes\ShapeMeshes.cpp(439,60): warning C4305: 'initializing': truncation from 'double' to 'GLfloat'
C:\CS330Content\3DShapes\ShapeMeshes.cpp(440,61): warning C4305: 'initializing': truncation from 'double' to 'GLfloat'
C:\CS330Content\3DShapes\ShapeMeshes.cpp(441,61): warning C4305: 'initializing': truncation from 'double' to 'GLfloat'
C:\CS330Content\3DShapes\ShapeMeshes.cpp(442,60): warning C4305: 'initializing': truncation from 'double' to 'GLfloat'
C:\CS330Content\3DShapes\ShapeMeshes.cpp(443,61): warning C4305: 'initializing': truncation from 'double' to 'GLfloat'
C:\CS330Content\3DShapes\ShapeMeshes.cpp(444,60): warning C4305: 'initializing': truncation from 'double' to 'GLfloat'
C:\CS330Content\3DShapes\ShapeMeshes.cpp(445,60): warning C4305: 'initializing': truncation from 'double' to 'GLfloat'
C:\CS330Content\3DShapes\ShapeMeshes.cpp(446,61): warning C4305: 'initializing': truncation from 'double' to 'GLfloat'
C:\CS330Content\3DShapes\ShapeMeshes.cpp(447,60): warning C4305: 'initializing': truncation from 'double' to 'GLfloat'
C:\CS330Content\3DShapes\ShapeMeshes.cpp(448,61): warning C4305: 'initializing': truncation from 'double' to 'GLfloat'
C:\CS330Content\3DShapes\ShapeMeshes.cpp(449,61): warning C4305: 'initializing': truncation from 'double' to 'GLfloat'
C:\CS330Content\3DShapes\ShapeMeshes.cpp(450,61): warning C4305: 'initializing': truncation from 'double' to 'GLfloat'
C:\CS330Content\3DShapes\ShapeMeshes.cpp(451,61): warning C4305: 'initializing': truncation from 'double' to 'GLfloat'
C:\CS330Content\3DShapes\ShapeMeshes.cpp(452,61): warning C4305: 'initializing': truncation from 'double' to 'GLfloat'
C:\CS330Content\3DShapes\ShapeMeshes.cpp(453,61): warning C4305: 'initializing': truncation from 'double' to 'GLfloat'
C:\CS330Content\3DShapes\ShapeMeshes.cpp(454,61): warning C4305: 'initializing': truncation from 'double' to 'GLfloat'
C:\CS330Content\3DShapes\ShapeMeshes.cpp(455,61): warning C4305: 'initializing': truncation from 'double' to 'GLfloat'
C:\CS330Content\3DShapes\ShapeMeshes.cpp(456,61): warning C4305: 'initializing': truncation from 'double' to 'GLfloat'
C:\CS330Content\3DShapes\ShapeMeshes.cpp(457,61): warning C4305: 'initializing': truncation from 'double' to 'GLfloat'
C:\CS330Content\3DShapes\ShapeMeshes.cpp(458,61): warning C4305: 'initializing': truncation from 'double' to 'GLfloat'
C:\CS330Content\3DShapes\ShapeMeshes.cpp(459,61): warning C4305: 'initializing': truncation from 'double' to 'GLfloat'
C:\CS330Content\3DShapes\ShapeMeshes.cpp(460,61): warning C4305: 'initializing': truncation from 'double' to 'GLfloat'
C:\CS330Content\3DShapes\ShapeMeshes.cpp(461,61): warning C4305: 'initializing': truncation from 'double' to 'GLfloat'
C:\CS330Content\3DShapes\ShapeMeshes.cpp(462,61): warning C4305: 'initializing': truncation from 'double' to 'GLfloat'
C:\CS330Content\3DShapes\ShapeMeshes.cpp(463,61): warning C4305: 'initializing': truncation from 'double' to 'GLfloat'
C:\CS330Content\3DShapes\ShapeMeshes.cpp(464,61): warning C4305: 'initializing': truncation from 'double' to 'GLfloat'
C:\CS330Content\3DShapes\ShapeMeshes.cpp(465,61): warning C4305: 'initializing': truncation from 'double' to 'GLfloat'
C:\CS330Content\3DShapes\ShapeMeshes.cpp(466,61): warning C4305: 'initializing': truncation from 'double' to 'GLfloat'
C:\CS330Content\3DShapes\ShapeMeshes.cpp(467,61): warning C4305: 'initializing': truncation from 'double' to 'GLfloat'
C:\CS330Content\3DShapes\ShapeMeshes.cpp(468,61): warning C4305: 'initializing': truncation from 'double' to 'GLfloat'
C:\CS330Content\3DShapes\ShapeMeshes.cpp(469,61): warning C4305: 'initializing': truncation from 'double' to 'GLfloat'
C:\CS330Content\3DShapes\ShapeMeshes.cpp(470,61): warning C4305: 'initializing': truncation from 'double' to 'GLfloat'
C:\CS330Content\3DShapes\ShapeMeshes.cpp(471,61): warning C4305: 'initializing': truncation from 'double' to 'GLfloat'
C:\CS330Content\3DShapes\ShapeMeshes.cpp(472,61): warning C4305: 'initializing': truncation from 'double' to 'GLfloat'
C:\CS330Content\3DShapes\ShapeMeshes.cpp(473,61): warning C4305: 'initializing': truncation from 'double' to 'GLfloat'
C:\CS330Content\3DShapes\ShapeMeshes.cpp(474,61): warning C4305: 'initializing': truncation from 'double' to 'GLfloat'
C:\CS330Content\3DShapes\ShapeMeshes.cpp(475,61): warning C4305: 'initializing': truncation from 'double' to 'GLfloat'
C:\CS330Content\3DShapes\ShapeMeshes.cpp(476,61): warning C4305: 'initializing': truncation from 'double' to 'GLfloat'
C:\CS330Content\3DShapes\ShapeMeshes.cpp(477,61): warning C4305: 'initializing': truncation from 'double' to 'GLfloat'
C:\CS330Content\3DShapes\ShapeMeshes.cpp(478,60): warning C4305: 'initializing': truncation from 'double' to 'GLfloat'
C:\CS330Content\3DShapes\ShapeMeshes.cpp(479,61): warning C4305: 'initializing': truncation from 'double' to 'GLfloat'
C:\CS330Content\3DShapes\ShapeMeshes.cpp(480,60): warning C4305: 'initializing': truncation from 'double' to 'GLfloat'
C:\CS330Content\3DShapes\ShapeMeshes.cpp(481,60): warning C4305: 'initializing': truncation from 'double' to 'GLfloat'
C:\CS330Content\3DShapes\ShapeMeshes.cpp(482,60): warning C4305: 'initializing': truncation from 'double' to 'GLfloat'
C:\CS330Content\3DShapes\ShapeMeshes.cpp(483,60): warning C4305: 'initializing': truncation from 'double' to 'GLfloat'
C:\CS330Content\3DShapes\ShapeMeshes.cpp(484,60): warning C4305: 'initializing': truncation from 'double' to 'GLfloat'
C:\CS330Content\3DShapes\ShapeMeshes.cpp(485,60): warning C4305: 'initializing': truncation from 'double' to 'GLfloat'
C:\CS330Content\3DShapes\ShapeMeshes.cpp(486,60): warning C4305: 'initializing': truncation from 'double' to 'GLfloat'
C:\CS330Content\3DShapes\ShapeMeshes.cpp(487,60): warning C4305: 'initializing': truncation from 'double' to 'GLfloat'
C:\CS330Content\3DShapes\ShapeMeshes.cpp(488,60): warning C4305: 'initializing': truncation from 'double' to 'GLfloat'
C:\CS330Content\3DShapes\ShapeMeshes.cpp(489,60): warning C4305: 'initializing': truncation from 'double' to 'GLfloat'
C:\CS330Content\3DShapes\ShapeMeshes.cpp(490,59): warning C4305: 'initializing': truncation from 'double' to 'GLfloat'
C:\CS330Content\3DShapes\ShapeMeshes.cpp(491,60): warning C4305: 'initializing': truncation from 'double' to 'GLfloat'
C:\CS330Content\3DShapes\ShapeMeshes.cpp(492,59): warning C4305: 'initializing': truncation from 'double' to 'GLfloat'
C:\CS330Content\3DShapes\ShapeMeshes.cpp(493,59): warning C4305: 'initializing': truncation from 'double' to 'GLfloat'
C:\CS330Content\3DShapes\ShapeMeshes.cpp(494,60): warning C4305: 'initializing': truncation from 'double' to 'GLfloat'
C:\CS330Content\3DShapes\ShapeMeshes.cpp(495,59): warning C4305: 'initializing': truncation from 'double' to 'GLfloat'
C:\CS330Content\3DShapes\ShapeMeshes.cpp(496,60): warning C4305: 'initializing': truncation from 'double' to 'GLfloat'
C:\CS330Content\3DShapes\ShapeMeshes.cpp(497,60): warning C4305: 'initializing': truncation from 'double' to 'GLfloat'
C:\CS330Content\3DShapes\ShapeMeshes.cpp(498,60): warning C4305: 'initializing': truncation from 'double' to 'GLfloat'
C:\CS330Content\3DShapes\ShapeMeshes.cpp(499,60): warning C4305: 'initializing': truncation from 'double' to 'GLfloat'
C:\CS330Content\3DShapes\ShapeMeshes.cpp(500,60): warning C4305: 'initializing': truncation from 'double' to 'GLfloat'
C:\CS330Content\3DShapes\ShapeMeshes.cpp(501,60): warning C4305: 'initializing': truncation from 'double' to 'GLfloat'
C:\CS330Content\3DShapes\ShapeMeshes.cpp(502,59): warning C4305: 'initializing': truncation from 'double' to 'GLfloat'
C:\CS330Content\3DShapes\ShapeMeshes.cpp(503,60): warning C4305: 'initializing': truncation from 'double' to 'GLfloat'
C:\CS330Content\3DShapes\ShapeMeshes.cpp(504,59): warning C4305: 'initializing': truncation from 'double' to 'GLfloat'
C:\CS330Content\3DShapes\ShapeMeshes.cpp(505,59): warning C4305: 'initializing': truncation from 'double' to 'GLfloat'
C:\CS330Content\3DShapes\ShapeMeshes.cpp(506,60): warning C4305: 'initializing': truncation from 'double' to 'GLfloat'
C:\CS330Content\3DShapes\ShapeMeshes.cpp(507,59): warning C4305: 'initializing': truncation from 'double' to 'GLfloat'
C:\CS330Content\3DShapes\ShapeMeshes.cpp(508,60): warning C4305: 'initializing': truncation from 'double' to 'GLfloat'
C:\CS330Content\3DShapes\ShapeMeshes.cpp(509,60): warning C4305: 'initializing': truncation from 'double' to 'GLfloat'
C:\CS330Content\3DShapes\ShapeMeshes.cpp(510,61): warning C4305: 'initializing': truncation from 'double' to 'GLfloat'
C:\CS330Content\3DShapes\ShapeMeshes.cpp(511,60): warning C4305: 'initializing': truncation from 'double' to 'GLfloat'
C:\CS330Content\3DShapes\ShapeMeshes.cpp(512,61): warning C4305: 'initializing': truncation from 'double' to 'GLfloat'
C:\CS330Content\3DShapes\ShapeMeshes.cpp(513,61): warning C4305: 'initializing': truncation from 'double' to 'GLfloat'
C:\CS330Content\3DShapes\ShapeMeshes.cpp(514,58): warning C4305: 'initializing': truncation from 'double' to 'GLfloat'
C:\CS330Content\3DShapes\ShapeMeshes.cpp(515,61): warning C4305: 'initializing': truncation from 'double' to 'GLfloat'
C:\CS330Content\3DShapes\ShapeMeshes.cpp(516,58): warning C4305: 'initializing': truncation from 'double' to 'GLfloat'
C:\CS330Content\3DShapes\ShapeMeshes.cpp(517,58): warning C4305: 'initializing': truncation from 'double' to 'GLfloat'
C:\CS330Content\3DShapes\ShapeMeshes.cpp(518,59): warning C4305: 'initializing': truncation from 'double' to 'GLfloat'
C:\CS330Content\3DShapes\ShapeMeshes.cpp(519,58): warning C4305: 'initializing': truncation from 'double' to 'GLfloat'
C:\CS330Content\3DShapes\ShapeMeshes.cpp(520,59): warning C4305: 'initializing': truncation from 'double' to 'GLfloat'
C:\CS330Content\3DShapes\ShapeMeshes.cpp(521,59): warning C4305: 'initializing': truncation from 'double' to 'GLfloat'
C:\CS330Content\3DShapes\ShapeMeshes.cpp(522,58): warning C4305: 'initializing': truncation from 'double' to 'GLfloat'
C:\CS330Content\3DShapes\ShapeMeshes.cpp(523,59): warning C4305: 'initializing': truncation from 'double' to 'GLfloat'
C:\CS330Content\3DShapes\ShapeMeshes.cpp(524,58): warning C4305: 'initializing': truncation from 'double' to 'GLfloat'
C:\CS330Content\3DShapes\ShapeMeshes.cpp(525,58): warning C4305: 'initializing': truncation from 'double' to 'GLfloat'
C:\CS330Content\3DShapes\ShapeMeshes.cpp(526,57): warning C4305: 'initializing': truncation from 'double' to 'GLfloat'
C:\CS330Content\3DShapes\ShapeMeshes.cpp(527,58): warning C4305: 'initializing': truncation from 'double' to 'GLfloat'
C:\CS330Content\3DShapes\ShapeMeshes.cpp(528,57): warning C4305: 'initializing': truncation from 'double' to 'GLfloat'
C:\CS330Content\3DShapes\ShapeMeshes.cpp(529,57): warning C4305: 'initializing': truncation from 'double' to 'GLfloat'
C:\CS330Content\3DShapes\ShapeMeshes.cpp(530,58): warning C4305: 'initializing': truncation from 'double' to 'GLfloat'
C:\CS330Content\3DShapes\ShapeMeshes.cpp(531,57): warning C4305: 'initializing': truncation from 'double' to 'GLfloat'
C:\CS330Content\3DShapes\ShapeMeshes.cpp(532,58): warning C4305: 'initializing': truncation from 'double' to 'GLfloat'
C:\CS330Content\3DShapes\ShapeMeshes.cpp(533,58): warning C4305: 'initializing': truncation from 'double' to 'GLfloat'
C:\CS330Content\3DShapes\ShapeMeshes.cpp(534,58): warning C4305: 'initializing': truncation from 'double' to 'GLfloat'
C:\CS330Content\3DShapes\ShapeMeshes.cpp(535,58): warning C4305: 'initializing': truncation from 'double' to 'GLfloat'
C:\CS330Content\3DShapes\ShapeMeshes.cpp(536,58): warning C4305: 'initializing': truncation from 'double' to 'GLfloat'
C:\CS330Content\3DShapes\ShapeMeshes.cpp(537,58): warning C4305: 'initializing': truncation from 'double' to 'GLfloat'
C:\CS330Content\3DShapes\ShapeMeshes.cpp(538,57): warning C4305: 'initializing': truncation from 'double' to 'GLfloat'
C:\CS330Content\3DShapes\ShapeMeshes.cpp(539,58): warning C4305: 'initializing': truncation from 'double' to 'GLfloat'
C:\CS330Content\3DShapes\ShapeMeshes.cpp(540,57): warning C4305: 'initializing': truncation from 'double' to 'GLfloat'
C:\CS330Content\3DShapes\ShapeMeshes.cpp(541,57): warning C4305: 'initializing': truncation from 'double' to 'GLfloat'
C:\CS330Content\3DShapes\ShapeMeshes.cpp(542,58): warning C4305: 'initializing': truncation from 'double' to 'GLfloat'
C:\CS330Content\3DShapes\ShapeMeshes.cpp(543,57): warning C4305: 'initializing': truncation from 'double' to 'GLfloat'
C:\CS330Content\3DShapes\ShapeMeshes.cpp(544,58): warning C4305: 'initializing': truncation from 'double' to 'GLfloat'
C:\CS330Content\3DShapes\ShapeMeshes.cpp(545,58): warning C4305: 'initializing': truncation from 'double' to 'GLfloat'
C:\CS330Content\3DShapes\ShapeMeshes.cpp(546,58): warning C4305: 'initializing': truncation from 'double' to 'GLfloat'
C:\CS330Content\3DShapes\ShapeMeshes.cpp(547,58): warning C4305: 'initializing': truncation from 'double' to 'GLfloat'
C:\CS330Content\3DShapes\ShapeMeshes.cpp(548,58): warning C4305: 'initializing': truncation from 'double' to 'GLfloat'
C:\CS330Content\3DShapes\ShapeMeshes.cpp(549,58): warning C4305: 'initializing': truncation from 'double' to 'GLfloat'
C:\CS330Content\3DShapes\ShapeMeshes.cpp(551,58): warning C4305: 'initializing': truncation from 'double' to 'GLfloat'
C:\CS330Content\3DShapes\ShapeMeshes.cpp(842,12): warning C4305: 'initializing': truncation from 'double' to 'GLfloat'
C:\CS330Content\3DShapes\ShapeMeshes.cpp(851,13): warning C4305: 'initializing': truncation from 'double' to 'GLfloat'
C:\CS330Content\3DShapes\ShapeMeshes.cpp(979,3): warning C4305: 'initializing': truncation from 'double' to 'GLfloat'
C:\CS330Content\3DShapes\ShapeMeshes.cpp(1094,12): warning C4305: 'initializing': truncation from 'double' to 'GLfloat'
C:\CS330Content\3DShapes\ShapeMeshes.cpp(1103,13): warning C4305: 'initializing': truncation from 'double' to 'GLfloat'
C:\CS330Content\3DShapes\ShapeMeshes.cpp(1668,11): warning C4101: 'v': unreferenced local variable
C:\CS330Content\3DShapes\ShapeMeshes.cpp(1668,8): warning C4101: 'u': unreferenced local variable
C:\CS330Content\3DShapes\ShapeMeshes.cpp(1799,22): warning C4305: 'initializing': truncation from 'double' to 'GLfloat'
C:\CS330Content\3DShapes\ShapeMeshes.cpp(1800,22): warning C4305: 'initializing': truncation from 'double' to 'GLfloat'
C:\CS330Content\3DShapes\ShapeMeshes.cpp(1801,24): warning C4305: 'initializing': truncation from 'double' to 'GLfloat'
C:\CS330Content\3DShapes\ShapeMeshes.cpp(1801,60): warning C4305: 'initializing': truncation from 'double' to 'GLfloat'
C:\CS330Content\3DShapes\ShapeMeshes.cpp(1802,22): warning C4305: 'initializing': truncation from 'double' to 'GLfloat'
C:\CS330Content\3DShapes\ShapeMeshes.cpp(1803,24): warning C4305: 'initializing': truncation from 'double' to 'GLfloat'
C:\CS330Content\3DShapes\ShapeMeshes.cpp(1803,61): warning C4305: 'initializing': truncation from 'double' to 'GLfloat'
C:\CS330Content\3DShapes\ShapeMeshes.cpp(1804,24): warning C4305: 'initializing': truncation from 'double' to 'GLfloat'
C:\CS330Content\3DShapes\ShapeMeshes.cpp(1804,60): warning C4305: 'initializing': truncation from 'double' to 'GLfloat'
C:\CS330Content\3DShapes\ShapeMeshes.cpp(1805,60): warning C4305: 'initializing': truncation from 'double' to 'GLfloat'
C:\CS330Content\3DShapes\ShapeMeshes.cpp(1806,61): warning C4305: 'initializing': truncation from 'double' to 'GLfloat'
C:\CS330Content\3DShapes\ShapeMeshes.cpp(1807,60): warning C4305: 'initializing': truncation from 'double' to 'GLfloat'
C:\CS330Content\3DShapes\ShapeMeshes.cpp(1808,60): warning C4305: 'initializing': truncation from 'double' to 'GLfloat'
C:\CS330Content\3DShapes\ShapeMeshes.cpp(1809,59): warning C4305: 'initializing': truncation from 'double' to 'GLfloat'
C:\CS330Content\3DShapes\ShapeMeshes.cpp(1810,60): warning C4305: 'initializing': truncation from 'double' to 'GLfloat'
C:\CS330Content\3DShapes\ShapeMeshes.cpp(1811,60): warning C4305: 'initializing': truncation from 'double' to 'GLfloat'
C:\CS330Content\3DShapes\ShapeMeshes.cpp(1812,59): warning C4305: 'initializing': truncation from 'double' to 'GLfloat'
C:\CS330Content\3DShapes\ShapeMeshes.cpp(1813,60): warning C4305: 'initializing': truncation from 'double' to 'GLfloat'
C:\CS330Content\3DShapes\ShapeMeshes.cpp(1814,60): warning C4305: 'initializing': truncation from 'double' to 'GLfloat'
C:\CS330Content\3DShapes\ShapeMeshes.cpp(1815,60): warning C4305: 'initializing': truncation from 'double' to 'GLfloat'
C:\CS330Content\3DShapes\ShapeMeshes.cpp(1816,60): warning C4305: 'initializing': truncation from 'double' to 'GLfloat'
C:\CS330Content\3DShapes\ShapeMeshes.cpp(1817,60): warning C4305: 'initializing': truncation from 'double' to 'GLfloat'
C:\CS330Content\3DShapes\ShapeMeshes.cpp(1818,60): warning C4305: 'initializing': truncation from 'double' to 'GLfloat'
C:\CS330Content\3DShapes\ShapeMeshes.cpp(1819,60): warning C4305: 'initializing': truncation from 'double' to 'GLfloat'
C:\CS330Content\3DShapes\ShapeMeshes.cpp(1820,60): warning C4305: 'initializing': truncation from 'double' to 'GLfloat'
C:\CS330Content\3DShapes\ShapeMeshes.cpp(1821,59): warning C4305: 'initializing': truncation from 'double' to 'GLfloat'
C:\CS330Content\3DShapes\ShapeMeshes.cpp(1822,60): warning C4305: 'initializing': truncation from 'double' to 'GLfloat'
C:\CS330Content\3DShapes\ShapeMeshes.cpp(1823,60): warning C4305: 'initializing': truncation from 'double' to 'GLfloat'
C:\CS330Content\3DShapes\ShapeMeshes.cpp(1824,59): warning C4305: 'initializing': truncation from 'double' to 'GLfloat'
C:\CS330Content\3DShapes\ShapeMeshes.cpp(1825,60): warning C4305: 'initializing': truncation from 'double' to 'GLfloat'
C:\CS330Content\3DShapes\ShapeMeshes.cpp(1826,60): warning C4305: 'initializing': truncation from 'double' to 'GLfloat'
C:\CS330Content\3DShapes\ShapeMeshes.cpp(1827,60): warning C4305: 'initializing': truncation from 'double' to 'GLfloat'
C:\CS330Content\3DShapes\ShapeMeshes.cpp(1828,60): warning C4305: 'initializing': truncation from 'double' to 'GLfloat'
C:\CS330Content\3DShapes\ShapeMeshes.cpp(1829,61): warning C4305: 'initializing': truncation from 'double' to 'GLfloat'
C:\CS330Content\3DShapes\ShapeMeshes.cpp(1830,60): warning C4305: 'initializing': truncation from 'double' to 'GLfloat'
C:\CS330Content\3DShapes\ShapeMeshes.cpp(1831,61): warning C4305: 'initializing': truncation from 'double' to 'GLfloat'
C:\CS330Content\3DShapes\ShapeMeshes.cpp(1832,61): warning C4305: 'initializing': truncation from 'double' to 'GLfloat'
C:\CS330Content\3DShapes\ShapeMeshes.cpp(1833,59): warning C4305: 'initializing': truncation from 'double' to 'GLfloat'
C:\CS330Content\3DShapes\ShapeMeshes.cpp(1834,61): warning C4305: 'initializing': truncation from 'double' to 'GLfloat'
C:\CS330Content\3DShapes\ShapeMeshes.cpp(1835,60): warning C4305: 'initializing': truncation from 'double' to 'GLfloat'
C:\CS330Content\3DShapes\ShapeMeshes.cpp(1836,60): warning C4305: 'initializing': truncation from 'double' to 'GLfloat'
C:\CS330Content\3DShapes\ShapeMeshes.cpp(1837,61): warning C4305: 'initializing': truncation from 'double' to 'GLfloat'
C:\CS330Content\3DShapes\ShapeMeshes.cpp(1838,60): warning C4305: 'initializing': truncation from 'double' to 'GLfloat'
C:\CS330Content\3DShapes\ShapeMeshes.cpp(1839,62): warning C4305: 'initializing': truncation from 'double' to 'GLfloat'
C:\CS330Content\3DShapes\ShapeMeshes.cpp(1840,61): warning C4305: 'initializing': truncation from 'double' to 'GLfloat'
C:\CS330Content\3DShapes\ShapeMeshes.cpp(1841,61): warning C4305: 'initializing': truncation from 'double' to 'GLfloat'
C:\CS330Content\3DShapes\ShapeMeshes.cpp(1842,62): warning C4305: 'initializing': truncation from 'double' to 'GLfloat'
C:\CS330Content\3DShapes\ShapeMeshes.cpp(1843,61): warning C4305: 'initializing': truncation from 'double' to 'GLfloat'
C:\CS330Content\3DShapes\ShapeMeshes.cpp(1844,61): warning C4305: 'initializing': truncation from 'double' to 'GLfloat'
C:\CS330Content\3DShapes\ShapeMeshes.cpp(1845,61): warning C4305: 'initializing': truncation from 'double' to 'GLfloat'
C:\CS330Content\3DShapes\ShapeMeshes.cpp(1846,61): warning C4305: 'initializing': truncation from 'double' to 'GLfloat'
C:\CS330Content\3DShapes\ShapeMeshes.cpp(1847,62): warning C4305: 'initializing': truncation from 'double' to 'GLfloat'
C:\CS330Content\3DShapes\ShapeMeshes.cpp(1848,61): warning C4305: 'initializing': truncation from 'double' to 'GLfloat'
C:\CS330Content\3DShapes\ShapeMeshes.cpp(1849,61): warning C4305: 'initializing': truncation from 'double' to 'GLfloat'
C:\CS330Content\3DShapes\ShapeMeshes.cpp(1850,62): warning C4305: 'initializing': truncation from 'double' to 'GLfloat'
C:\CS330Content\3DShapes\ShapeMeshes.cpp(1851,62): warning C4305: 'initializing': truncation from 'double' to 'GLfloat'
C:\CS330Content\3DShapes\ShapeMeshes.cpp(1852,61): warning C4305: 'initializing': truncation from 'double' to 'GLfloat'
C:\CS330Content\3DShapes\ShapeMeshes.cpp(1853,61): warning C4305: 'initializing': truncation from 'double' to 'GLfloat'
C:\CS330Content\3DShapes\ShapeMeshes.cpp(1854,62): warning C4305: 'initializing': truncation from 'double' to 'GLfloat'
C:\CS330Content\3DShapes\ShapeMeshes.cpp(1855,62): warning C4305: 'initializing': truncation from 'double' to 'GLfloat'
C:\CS330Content\3DShapes\ShapeMeshes.cpp(1856,61): warning C4305: 'initializing': truncation from 'double' to 'GLfloat'
C:\CS330Content\3DShapes\ShapeMeshes.cpp(1857,61): warning C4305: 'initializing': truncation from 'double' to 'GLfloat'
C:\CS330Content\3DShapes\ShapeMeshes.cpp(1858,62): warning C4305: 'initializing': truncation from 'double' to 'GLfloat'
C:\CS330Content\3DShapes\ShapeMeshes.cpp(1859,62): warning C4305: 'initializing': truncation from 'double' to 'GLfloat'
C:\CS330Content\3DShapes\ShapeMeshes.cpp(1860,61): warning C4305: 'initializing': truncation from 'double' to 'GLfloat'
C:\CS330Content\3DShapes\ShapeMeshes.cpp(1861,61): warning C4305: 'initializing': truncation from 'double' to 'GLfloat'
C:\CS330Content\3DShapes\ShapeMeshes.cpp(1862,62): warning C4305: 'initializing': truncation from 'double' to 'GLfloat'
C:\CS330Content\3DShapes\ShapeMeshes.cpp(1863,61): warning C4305: 'initializing': truncation from 'double' to 'GLfloat'
C:\CS330Content\3DShapes\ShapeMeshes.cpp(1864,61): warning C4305: 'initializing': truncation from 'double' to 'GLfloat'
C:\CS330Content\3DShapes\ShapeMeshes.cpp(1865,61): warning C4305: 'initializing': truncation from 'double' to 'GLfloat'
C:\CS330Content\3DShapes\ShapeMeshes.cpp(1866,61): warning C4305: 'initializing': truncation from 'double' to 'GLfloat'
C:\CS330Content\3DShapes\ShapeMeshes.cpp(1867,62): warning C4305: 'initializing': truncation from 'double' to 'GLfloat'
C:\CS330Content\3DShapes\ShapeMeshes.cpp(1868,61): warning C4305: 'initializing': truncation from 'double' to 'GLfloat'
C:\CS330Content\3DShapes\ShapeMeshes.cpp(1869,60): warning C4305: 'initializing': truncation from 'double' to 'GLfloat'
C:\CS330Content\3DShapes\ShapeMeshes.cpp(1870,62): warning C4305: 'initializing': truncation from 'double' to 'GLfloat'
C:\CS330Content\3DShapes\ShapeMeshes.cpp(1871,60): warning C4305: 'initializing': truncation from 'double' to 'GLfloat'
C:\CS330Content\3DShapes\ShapeMeshes.cpp(1872,60): warning C4305: 'initializing': truncation from 'double' to 'GLfloat'
C:\CS330Content\3DShapes\ShapeMeshes.cpp(1873,61): warning C4305: 'initializing': truncation from 'double' to 'GLfloat'
C:\CS330Content\3DShapes\ShapeMeshes.cpp(1874,59): warning C4305: 'initializing': truncation from 'double' to 'GLfloat'
C:\CS330Content\3DShapes\ShapeMeshes.cpp(1875,61): warning C4305: 'initializing': truncation from 'double' to 'GLfloat'
C:\CS330Content\3DShapes\ShapeMeshes.cpp(1876,61): warning C4305: 'initializing': truncation from 'double' to 'GLfloat'
C:\CS330Content\3DShapes\ShapeMeshes.cpp(1877,60): warning C4305: 'initializing': truncation from 'double' to 'GLfloat'
C:\CS330Content\3DShapes\ShapeMeshes.cpp(1878,61): warning C4305: 'initializing': truncation from 'double' to 'GLfloat'
C:\CS330Content\3DShapes\ShapeMeshes.cpp(1879,60): warning C4305: 'initializing': truncation from 'double' to 'GLfloat'
C:\CS330Content\3DShapes\ShapeMeshes.cpp(1880,60): warning C4305: 'initializing': truncation from 'double' to 'GLfloat'
C:\CS330Content\3DShapes\ShapeMeshes.cpp(1881,59): warning C4305: 'initializing': truncation from 'double' to 'GLfloat'
C:\CS330Content\3DShapes\ShapeMeshes.cpp(1882,60): warning C4305: 'initializing': truncation from 'double' to 'GLfloat'
C:\CS330Content\3DShapes\ShapeMeshes.cpp(1883,60): warning C4305: 'initializing': truncation from 'double' to 'GLfloat'
C:\CS330Content\3DShapes\ShapeMeshes.cpp(1884,59): warning C4305: 'initializing': truncation from 'double' to 'GLfloat'
C:\CS330Content\3DShapes\ShapeMeshes.cpp(1885,60): warning C4305: 'initializing': truncation from 'double' to 'GLfloat'
C:\CS330Content\3DShapes\ShapeMeshes.cpp(1886,60): warning C4305: 'initializing': truncation from 'double' to 'GLfloat'
C:\CS330Content\3DShapes\ShapeMeshes.cpp(1887,60): warning C4305: 'initializing': truncation from 'double' to 'GLfloat'
C:\CS330Content\3DShapes\ShapeMeshes.cpp(1888,60): warning C4305: 'initializing': truncation from 'double' to 'GLfloat'
C:\CS330Content\3DShapes\ShapeMeshes.cpp(1889,60): warning C4305: 'initializing': truncation from 'double' to 'GLfloat'
C:\CS330Content\3DShapes\ShapeMeshes.cpp(1890,60): warning C4305: 'initializing': truncation from 'double' to 'GLfloat'
C:\CS330Content\3DShapes\ShapeMeshes.cpp(1891,60): warning C4305: 'initializing': truncation from 'double' to 'GLfloat'
C:\CS330Content\3DShapes\ShapeMeshes.cpp(1892,60): warning C4305: 'initializing': truncation from 'double' to 'GLfloat'
C:\CS330Content\3DShapes\ShapeMeshes.cpp(1893,59): warning C4305: 'initializing': truncation from 'double' to 'GLfloat'
C:\CS330Content\3DShapes\ShapeMeshes.cpp(1894,60): warning C4305: 'initializing': truncation from 'double' to 'GLfloat'
C:\CS330Content\3DShapes\ShapeMeshes.cpp(1895,60): warning C4305: 'initializing': truncation from 'double' to 'GLfloat'
C:\CS330Content\3DShapes\ShapeMeshes.cpp(1896,59): warning C4305: 'initializing': truncation from 'double' to 'GLfloat'
C:\CS330Content\3DShapes\ShapeMeshes.cpp(1897,60): warning C4305: 'initializing': truncation from 'double' to 'GLfloat'
C:\CS330Content\3DShapes\ShapeMeshes.cpp(1898,60): warning C4305: 'initializing': truncation from 'double' to 'GLfloat'
C:\CS330Content\3DShapes\ShapeMeshes.cpp(1899,60): warning C4305: 'initializing': truncation from 'double' to 'GLfloat'
C:\CS330Content\3DShapes\ShapeMeshes.cpp(1900,60): warning C4305: 'initializing': truncation from 'double' to 'GLfloat'
C:\CS330Content\3DShapes\ShapeMeshes.cpp(1901,61): warning C4305: 'initializing': truncation from 'double' to 'GLfloat'
C:\CS330Content\3DShapes\ShapeMeshes.cpp(1902,60): warning C4305: 'initializing': truncation from 'double' to 'GLfloat'
C:\CS330Content\3DShapes\ShapeMeshes.cpp(1903,61): warning C4305: 'initializing': truncation from 'double' to 'GLfloat'
C:\CS330Content\3DShapes\ShapeMeshes.cpp(1904,61): warning C4305: 'initializing': truncation from 'double' to 'GLfloat'
C:\CS330Content\3DShapes\ShapeMeshes.cpp(1905,58): warning C4305: 'initializing': truncation from 'double' to 'GLfloat'
C:\CS330Content\3DShapes\ShapeMeshes.cpp(1906,61): warning C4305: 'initializing': truncation from 'double' to 'GLfloat'
C:\CS330Content\3DShapes\ShapeMeshes.cpp(1907,58): warning C4305: 'initializing': truncation from 'double' to 'GLfloat'
C:\CS330Content\3DShapes\ShapeMeshes.cpp(1908,58): warning C4305: 'initializing': truncation from 'double' to 'GLfloat'
C:\CS330Content\3DShapes\ShapeMeshes.cpp(1909,44): warning C4305: 'initializing': truncation from 'double' to 'GLfloat'
C:\CS330Content\3DShapes\ShapeMeshes.cpp(1909,58): warning C4305: 'initializing': truncation from 'double' to 'GLfloat'
C:\CS330Content\3DShapes\ShapeMeshes.cpp(1910,57): warning C4305: 'initializing': truncation from 'double' to 'GLfloat'
C:\CS330Content\3DShapes\ShapeMeshes.cpp(1911,60): warning C4305: 'initializing': truncation from 'double' to 'GLfloat'
C:\CS330Content\3DShapes\ShapeMeshes.cpp(1912,59): warning C4305: 'initializing': truncation from 'double' to 'GLfloat'
C:\CS330Content\3DShapes\ShapeMeshes.cpp(1913,58): warning C4305: 'initializing': truncation from 'double' to 'GLfloat'
C:\CS330Content\3DShapes\ShapeMeshes.cpp(1914,60): warning C4305: 'initializing': truncation from 'double' to 'GLfloat'
C:\CS330Content\3DShapes\ShapeMeshes.cpp(1915,58): warning C4305: 'initializing': truncation from 'double' to 'GLfloat'
C:\CS330Content\3DShapes\ShapeMeshes.cpp(1916,58): warning C4305: 'initializing': truncation from 'double' to 'GLfloat'
C:\CS330Content\3DShapes\ShapeMeshes.cpp(1917,57): warning C4305: 'initializing': truncation from 'double' to 'GLfloat'
C:\CS330Content\3DShapes\ShapeMeshes.cpp(1918,58): warning C4305: 'initializing': truncation from 'double' to 'GLfloat'
C:\CS330Content\3DShapes\ShapeMeshes.cpp(1919,59): warning C4305: 'initializing': truncation from 'double' to 'GLfloat'
C:\CS330Content\3DShapes\ShapeMeshes.cpp(1920,57): warning C4305: 'initializing': truncation from 'double' to 'GLfloat'
C:\CS330Content\3DShapes\ShapeMeshes.cpp(1921,58): warning C4305: 'initializing': truncation from 'double' to 'GLfloat'
C:\CS330Content\3DShapes\ShapeMeshes.cpp(1922,59): warning C4305: 'initializing': truncation from 'double' to 'GLfloat'
C:\CS330Content\3DShapes\ShapeMeshes.cpp(1923,59): warning C4305: 'initializing': truncation from 'double' to 'GLfloat'
C:\CS330Content\3DShapes\ShapeMeshes.cpp(1924,58): warning C4305: 'initializing': truncation from 'double' to 'GLfloat'
C:\CS330Content\3DShapes\ShapeMeshes.cpp(1925,58): warning C4305: 'initializing': truncation from 'double' to 'GLfloat'
C:\CS330Content\3DShapes\ShapeMeshes.cpp(1926,59): warning C4305: 'initializing': truncation from 'double' to 'GLfloat'
C:\CS330Content\3DShapes\ShapeMeshes.cpp(1927,59): warning C4305: 'initializing': truncation from 'double' to 'GLfloat'
C:\CS330Content\3DShapes\ShapeMeshes.cpp(1928,58): warning C4305: 'initializing': truncation from 'double' to 'GLfloat'
C:\CS330Content\3DShapes\ShapeMeshes.cpp(1929,57): warning C4305: 'initializing': truncation from 'double' to 'GLfloat'
C:\CS330Content\3DShapes\ShapeMeshes.cpp(1930,59): warning C4305: 'initializing': truncation from 'double' to 'GLfloat'
C:\CS330Content\3DShapes\ShapeMeshes.cpp(1931,59): warning C4305: 'initializing': truncation from 'double' to 'GLfloat'
C:\CS330Content\3DShapes\ShapeMeshes.cpp(1932,57): warning C4305: 'initializing': truncation from 'double' to 'GLfloat'
C:\CS330Content\3DShapes\ShapeMeshes.cpp(1933,58): warning C4305: 'initializing': truncation from 'double' to 'GLfloat'
C:\CS330Content\3DShapes\ShapeMeshes.cpp(1934,59): warning C4305: 'initializing': truncation from 'double' to 'GLfloat'
C:\CS330Content\3DShapes\ShapeMeshes.cpp(1935,58): warning C4305: 'initializing': truncation from 'double' to 'GLfloat'
C:\CS330Content\3DShapes\ShapeMeshes.cpp(1936,58): warning C4305: 'initializing': truncation from 'double' to 'GLfloat'
C:\CS330Content\3DShapes\ShapeMeshes.cpp(1937,59): warning C4305: 'initializing': truncation from 'double' to 'GLfloat'
C:\CS330Content\3DShapes\ShapeMeshes.cpp(1938,58): warning C4305: 'initializing': truncation from 'double' to 'GLfloat'
C:\CS330Content\3DShapes\ShapeMeshes.cpp(1939,60): warning C4305: 'initializing': truncation from 'double' to 'GLfloat'
C:\CS330Content\3DShapes\ShapeMeshes.cpp(1940,59): warning C4305: 'initializing': truncation from 'double' to 'GLfloat'
C:\CS330Content\3DShapes\ShapeMeshes.cpp(1942,60): warning C4305: 'initializing': truncation from 'double' to 'GLfloat'
C:\CS330Content\3DShapes\ShapeMeshes.cpp(1996,11): warning C4244: 'initializing': conversion from 'double' to 'float', possible loss of data
C:\CS330Content\3DShapes\ShapeMeshes.cpp(2002,12): warning C4244: 'initializing': conversion from 'double' to 'float', possible loss of data
C:\CS330Content\3DShapes\ShapeMeshes.cpp(2106,11): warning C4244: 'initializing': conversion from 'double' to 'float', possible loss of data
C:\CS330Content\3DShapes\ShapeMeshes.cpp(2112,12): warning C4244: 'initializing': conversion from 'double' to 'float', possible loss of data
C:\CS330Content\3DShapes\ShapeMeshes.cpp(2216,11): warning C4244: 'initializing': conversion from 'double' to 'float', possible loss of data
C:\CS330Content\3DShapes\ShapeMeshes.cpp(2222,12): warning C4244: 'initializing': conversion from 'double' to 'float', possible loss of data
  ViewManager.cpp
C:\CS330Content\Projects\7-1_FinalProjectMilestones\Source\ViewManager.cpp(135,12): warning C4244: '=': conversion from 'double' to 'float', possible loss of data
C:\CS330Content\Projects\7-1_FinalProjectMilestones\Source\ViewManager.cpp(136,12): warning C4244: '=': conversion from 'double' to 'float', possible loss of data
C:\CS330Content\Projects\7-1_FinalProjectMilestones\Source\ViewManager.cpp(141,16): warning C4244: 'initializing': conversion from 'double' to 'float', possible loss of data
C:\CS330Content\Projects\7-1_FinalProjectMilestones\Source\ViewManager.cpp(142,16): warning C4244: 'initializing': conversion from 'double' to 'float', possible loss of data
C:\CS330Content\Projects\7-1_FinalProjectMilestones\Source\ViewManager.cpp(145,11): warning C4244: '=': conversion from 'double' to 'float', possible loss of data
C:\CS330Content\Projects\7-1_FinalProjectMilestones\Source\ViewManager.cpp(146,11): warning C4244: '=': conversion from 'double' to 'float', possible loss of data
C:\CS330Content\Projects\7-1_FinalProjectMilestones\Source\ViewManager.cpp(167,38): warning C4244: '+=': conversion from 'double' to 'float', possible loss of data
C:\CS330Content\Projects\7-1_FinalProjectMilestones\Source\ViewManager.cpp(252,21): warning C4244: 'initializing': conversion from 'double' to 'float', possible loss of data
  Generating Code...
  7-1_FinalProjectMilestones.vcxproj -> C:\CS330Content\Projects\7-1_FinalProjectMilestones\Debug\7-1_FinalProjectMilestones.exe
